\o Program:		@(#)$CDS: libManager version 6.1.7 - CAT35 10/18/2015 00:06 (sjfnl678) $
\o Sub version:		sub-version  p009 
\o Arguments:		-unmapped -mpssession virtuoso1778 -mpshost lizhen 
\o Working Directory:	lizhen:/mnt/mydata/Workspace/tsv_simu
\o 64-bit offsets
\o Qt version: 		4.8.5
\o changeWorkingDir("/mnt/mydata/Workspace/tsv_simu") unnecessary.
\o ddSetForcedLib("") unnecessary.
\o Log file is "/mnt/mydata/Workspace/tsv_simu/libManager.log".
\o Opening libManager window.
\a nrSetWindowVisibility(cdsLibManager "show")
\o MPS service: map window
\a nrSetCurrentWindow(cdsLibManager)
\o Library Manager customization server connected.
\w Warning: ddUpdateLibList: It appears that you are trying to run an OA executable on CDB data. Library 'smic65llrf_121825_2tm' contains file '/mnt/mydata/Workspace/tsv_simu/smic 65nm/smic65llrf_121825_2tm_cds_1P10M_2010_3_9_0.4.1/smic65llrf_121825_2tm/prop.xx' which is CDB data. If this is an OA library, this file needs to be removed. If this is a CDB library, use cdb2oa to convert your data from CDB to OA and then try again.
\a nrResizeWindow(cdsLibManager list(0 27 1920 1029))
\a cdsLibManager->libListBox->value = "tsv_simu"
\a cdsLibManager->libLineEdit->value = "tsv_simu"
\a cdsLibManager->cellListBox->value = "tb-top-array-11x12"
\a cdsLibManager->viewListBox->value = "schematic"
\a cdsLibManager->viewLineEdit->value = "schematic"
\a cdsLibManager->cellListBox->value = nil
\a cdsLibManager->viewLineEdit->value = ""
\a cdsLibManager->viewListBox->value = nil
\a nrListItemAction(cdsLibManager->cellListBox 18 0)
\a cdsLibManager->cellListBox->value = "tb-top-array-11x12"
\a cdsLibManager->viewListBox->value = "schematic"
\a cdsLibManager->viewLineEdit->value = "schematic"
\a cdsLibManager->viewLineEdit->value = ""
\a cdsLibManager->viewListBox->value = nil
\o MPS request: edit design
\a cdsLibManager->libListBox->value = nil
\a cdsLibManager->cellListBox->value = nil
\a cdsLibManager->libLineEdit->value = ""
\w Warning: ddUpdateLibList: It appears that you are trying to run an OA executable on CDB data. Library 'smic65llrf_121825_2tm' contains file '/mnt/mydata/Workspace/tsv_simu/smic 65nm/smic65llrf_121825_2tm_cds_1P10M_2010_3_9_0.4.1/smic65llrf_121825_2tm/prop.xx' which is CDB data. If this is an OA library, this file needs to be removed. If this is a CDB library, use cdb2oa to convert your data from CDB to OA and then try again.
\a cdsLibManager->libListBox->value = "tsv_simu"
\a cdsLibManager->libLineEdit->value = "tsv_simu"
\a cdsLibManager->cellListBox->value = "tb-top-array-11x12"
\a cdsLibManager->viewListBox->value = "schematic"
\a cdsLibManager->viewLineEdit->value = "schematic"
\a cdsLibManager->viewLineEdit->value = ""
\a cdsLibManager->viewListBox->value = nil
\a cdsLibManager->viewListBox->value = "schematic"
\a cdsLibManager->viewLineEdit->value = "schematic"
\a cdsLibManager->cellLineEdit->value = "tb-top-array-11x12"
\a nrSetCurrentWindow(cdsLibManager)
\a nrSetCurrentWindow(cdsLibManager)
\a cdsLibManager->cellListBox->value = nil
\a cdsLibManager->viewLineEdit->value = ""
\a cdsLibManager->viewListBox->value = nil
\a nrListItemAction(cdsLibManager->cellListBox 18 0)
\a cdsLibManager->cellListBox->value = "tb-top-array-11x12"
\a cdsLibManager->viewListBox->value = "schematic"
\a cdsLibManager->viewLineEdit->value = "schematic"
\a cdsLibManager->viewLineEdit->value = ""
\a cdsLibManager->viewListBox->value = nil
\o MPS request: edit design
\a cdsLibManager->cellLineEdit->value = "tb-top-array-11x12"
\a nrSetCurrentWindow(cdsLibManager)
\a nrSetCurrentWindow(cdsLibManager)
\a cdsLibManager->cellListBox->value = "tb-top-array-11x12_b"
\a cdsLibManager->viewListBox->value = "schematic"
\a cdsLibManager->viewLineEdit->value = "schematic"
\a cdsLibManager->cellListBox->value = nil
\a cdsLibManager->viewLineEdit->value = ""
\a cdsLibManager->viewListBox->value = nil
\a nrListItemAction(cdsLibManager->cellListBox 19 0)
\a cdsLibManager->cellListBox->value = "tb-top-array-11x12_b"
\a cdsLibManager->viewListBox->value = "schematic"
\a cdsLibManager->viewLineEdit->value = "schematic"
\a cdsLibManager->viewLineEdit->value = ""
\a cdsLibManager->viewListBox->value = nil
\o MPS request: edit design
\a cdsLibManager->cellLineEdit->value = "tb-top-array-11x12_b"
\a nrSetCurrentWindow(cdsLibManager)
\a nrSetCurrentWindow(cdsLibManager)
\a cdsLibManager->cellListBox->value = nil
\a nrListItemAction(cdsLibManager->cellListBox 19 0)
\a cdsLibManager->cellListBox->value = "tb-top-array-11x12_b"
\a cdsLibManager->viewListBox->value = "schematic"
\a cdsLibManager->viewLineEdit->value = "schematic"
\a cdsLibManager->viewLineEdit->value = ""
\a cdsLibManager->viewListBox->value = nil
\o MPS request: edit design
\a cdsLibManager->cellLineEdit->value = "tb-top-array-11x12_b"
\a nrSetCurrentWindow(cdsLibManager)
\a nrSetCurrentWindow(cdsLibManager)
\a nrSetCurrentWindow(cdsLibManager)
\a cdsLibManager->cellListBox->value = "tb-top-array-11x12_c"
\a cdsLibManager->viewListBox->value = "schematic"
\a cdsLibManager->viewLineEdit->value = "schematic"
\a cdsLibManager->cellListBox->value = nil
\a cdsLibManager->viewLineEdit->value = ""
\a cdsLibManager->viewListBox->value = nil
\a nrListItemAction(cdsLibManager->cellListBox 20 0)
\a cdsLibManager->cellListBox->value = "tb-top-array-11x12_c"
\a cdsLibManager->viewListBox->value = "schematic"
\a cdsLibManager->viewLineEdit->value = "schematic"
\a cdsLibManager->viewLineEdit->value = ""
\a cdsLibManager->viewListBox->value = nil
\o MPS request: edit design
\a cdsLibManager->cellLineEdit->value = "tb-top-array-11x12_c"
\a nrSetCurrentWindow(cdsLibManager)
\a nrSetCurrentWindow(cdsLibManager)
\a cdsLibManager->cellListBox->value = "tb-top-array-3c1s_13x13"
\a cdsLibManager->viewListBox->value = "schematic"
\a cdsLibManager->viewLineEdit->value = "schematic"
\a cdsLibManager->cellListBox->value = nil
\a cdsLibManager->viewLineEdit->value = ""
\a cdsLibManager->viewListBox->value = nil
\a nrListItemAction(cdsLibManager->cellListBox 16 0)
\a cdsLibManager->cellListBox->value = "tb-top-array-3c1s_13x13"
\a cdsLibManager->viewListBox->value = "schematic"
\a cdsLibManager->viewLineEdit->value = "schematic"
\a cdsLibManager->viewLineEdit->value = ""
\a cdsLibManager->viewListBox->value = nil
\o MPS request: edit design
\a cdsLibManager->cellLineEdit->value = "tb-top-array-3c1s_13x13"
\a nrSetCurrentWindow(cdsLibManager)
\a nrSetCurrentWindow(cdsLibManager)
\a nrSetCurrentWindow(cdsLibManager)
\a cdsLibManager->cellListBox->value = "tb-top-array-3c1s_12x13"
\a cdsLibManager->viewListBox->value = "schematic"
\a cdsLibManager->viewLineEdit->value = "schematic"
\a cdsLibManager->cellListBox->value = nil
\a cdsLibManager->viewLineEdit->value = ""
\a cdsLibManager->viewListBox->value = nil
\a nrListItemAction(cdsLibManager->cellListBox 15 0)
\a cdsLibManager->cellListBox->value = "tb-top-array-3c1s_12x13"
\a cdsLibManager->viewListBox->value = "schematic"
\a cdsLibManager->viewLineEdit->value = "schematic"
\a cdsLibManager->viewLineEdit->value = ""
\a cdsLibManager->viewListBox->value = nil
\o MPS request: edit design
\a cdsLibManager->cellLineEdit->value = "tb-top-array-3c1s_12x13"
\a nrSetCurrentWindow(cdsLibManager)
\a nrSetCurrentWindow(cdsLibManager)
\a cdsLibManager->cellListBox->value = "tb-top-array-3c1s_12x12"
\a cdsLibManager->viewListBox->value = "schematic"
\a cdsLibManager->viewLineEdit->value = "schematic"
\a cdsLibManager->cellListBox->value = nil
\a cdsLibManager->viewLineEdit->value = ""
\a cdsLibManager->viewListBox->value = nil
\a nrListItemAction(cdsLibManager->cellListBox 14 0)
\a cdsLibManager->cellListBox->value = "tb-top-array-3c1s_12x12"
\a cdsLibManager->viewListBox->value = "schematic"
\a cdsLibManager->viewLineEdit->value = "schematic"
\a cdsLibManager->viewLineEdit->value = ""
\a cdsLibManager->viewListBox->value = nil
\o MPS request: edit design
\a cdsLibManager->cellLineEdit->value = "tb-top-array-3c1s_12x12"
\a nrSetCurrentWindow(cdsLibManager)
\a nrSetCurrentWindow(cdsLibManager)
\a nrSetCurrentWindow(cdsLibManager)
\a _lmgrCloseIconify("cdsLibManager" 1)
\o MPS service: shutdown
\o libManager is exiting.
\a nrSetWindowVisibility(cdsLibManager "hide")
\a exit(0)
