\o Program:		@(#)$CDS: libManager version 6.1.7 - CAT35 10/18/2015 00:06 (sjfnl678) $
\o Sub version:		sub-version  p009 
\o Arguments:		-unmapped -mpssession virtuoso66097 -mpshost server315 
\o Working Directory:	server315:/eda/home/wc/Projects/Virtuoso/Virtuoso_Project
\o 64-bit offsets
\o Qt version: 		4.8.5
\o changeWorkingDir("/eda/home/wc/Projects/Virtuoso/Virtuoso_Project") unnecessary.
\o ddSetForcedLib("") unnecessary.
\o Log file is "/eda/home/wc/Projects/Virtuoso/Virtuoso_Project/libManager.log".
\o Opening libManager window.
\a nrSetWindowVisibility(cdsLibManager "show")
\o MPS service: map window
\o Library Manager customization server connected.
\a nrSetCurrentWindow(cdsLibManager)
\w Warning: The directory: '/eda/home/wc/Projects/Virtuoso/Virtuoso_Project/tsv_simu/tsv_simu/smic 65nm/smic65llrf_121825_2tm_cds_1P10M_2010_3_9_0.4.1/smic65_OA' does not exist
\w 	but was defined in libFile '/eda/home/wc/Projects/Virtuoso/Virtuoso_Project/cds.lib' for Lib 'smic65_OA'.
\a nrResizeWindow(cdsLibManager list(-1 27 1920 977))
\a cdsLibManager->libListBox->value = "tsv_simu"
\a cdsLibManager->libListBox->value = "BER_ahdlLib"
\a cdsLibManager->libListBox->value = "BER_simu"
\a cdsLibManager->libLineEdit->value = "BER_simu"
\a cdsLibManager->cellListBox->value = "BERtbNew-8x32"
\a cdsLibManager->viewListBox->value = "schematic"
\a cdsLibManager->viewLineEdit->value = "schematic"
\a nrListItemAction(cdsLibManager->cellListBox 3 0)
\a cdsLibManager->viewLineEdit->value = ""
\a cdsLibManager->viewListBox->value = nil
\o MPS request: edit design
\a cdsLibManager->libListBox->value = nil
\a cdsLibManager->cellListBox->value = nil
\a cdsLibManager->libLineEdit->value = ""
\w Warning: The directory: '/eda/home/wc/Projects/Virtuoso/Virtuoso_Project/tsv_simu/tsv_simu/smic 65nm/smic65llrf_121825_2tm_cds_1P10M_2010_3_9_0.4.1/smic65_OA' does not exist
\w 	but was defined in libFile '/eda/home/wc/Projects/Virtuoso/Virtuoso_Project/cds.lib' for Lib 'smic65_OA'.
\a cdsLibManager->libListBox->value = "BER_simu"
\a cdsLibManager->libLineEdit->value = "BER_simu"
\a cdsLibManager->cellListBox->value = "BERtbNew-8x32"
\a cdsLibManager->viewListBox->value = "schematic"
\a cdsLibManager->viewLineEdit->value = "schematic"
\a cdsLibManager->viewLineEdit->value = ""
\a cdsLibManager->viewListBox->value = nil
\a cdsLibManager->viewListBox->value = "schematic"
\a cdsLibManager->viewLineEdit->value = "schematic"
\a cdsLibManager->cellLineEdit->value = "BERtbNew-8x32"
\a nrSetCurrentWindow(cdsLibManager)
\a nrSetCurrentWindow(cdsLibManager)
\a cdsLibManager->cellListBox->value = "BERtbNew-mosaic_7x54"
\a cdsLibManager->viewLineEdit->value = ""
\a cdsLibManager->viewListBox->value = nil
\a cdsLibManager->viewListBox->value = "schematic"
\a cdsLibManager->viewLineEdit->value = "schematic"
\a cdsLibManager->cellLineEdit->value = "BERtbNew-mosaic_7x54"
\a cdsLibManager->viewListBox->value = nil
\a cdsLibManager->viewListBox->value = "schematic"
\o MPS request: edit design
\a nrListItemAction(cdsLibManager->gdmXTView 0 0)
\a nrSetCurrentWindow(cdsLibManager)
\a _lmgrCloseIconify("cdsLibManager" 1)
\o MPS service: shutdown
\o libManager is exiting.
\a nrSetWindowVisibility(cdsLibManager "hide")
\a exit(0)
